<?xml version="1.0" encoding="UTF-8"?>
<!-- Generated by org.testng.reporters.JUnitReportReporter -->
<testsuite hostname="samavu" failures="0" tests="3" name="testng.AdditionalfeaturesofNG" time="0.010" errors="0" timestamp="2024-04-03T15:58:56 IST" skipped="0">
  <testcase classname="testng.AdditionalfeaturesofNG" name="deletePIM" time="0.004"/>
  <system-out/>
  <testcase classname="testng.AdditionalfeaturesofNG" name="updatePIM" time="0.004"/>
  <system-out/>
  <testcase classname="testng.AdditionalfeaturesofNG" name="createPIM" time="0.002"/>
  <system-out/>
</testsuite> <!-- testng.AdditionalfeaturesofNG -->
