<?xml version="1.0" encoding="UTF-8"?>
<!-- Generated by org.testng.reporters.JUnitReportReporter -->
<testsuite hostname="samavu" failures="0" tests="2" name="testng.NewTest" time="0.004" errors="0" timestamp="2024-04-03T15:58:56 IST" skipped="0">
  <testcase classname="testng.NewTest" name="testCase1" time="0.001"/>
  <system-out/>
  <testcase classname="testng.NewTest" name="testCase2" time="0.003"/>
  <system-out/>
</testsuite> <!-- testng.NewTest -->
