<?xml version="1.0" encoding="UTF-8"?>
<!-- Generated by org.testng.reporters.JUnitReportReporter -->
<testsuite hostname="samavu" failures="0" tests="3" name="testng.testngsiutebeforeaftercases" time="0.016" errors="0" timestamp="2024-04-03T16:05:48 IST" skipped="0">
  <testcase classname="testng.testngsiutebeforeaftercases" name="tc1" time="0.004"/>
  <system-out/>
  <testcase classname="testng.testngsiutebeforeaftercases" name="login" time="0.008"/>
  <system-out/>
  <testcase classname="testng.testngsiutebeforeaftercases" name="tc2" time="0.004"/>
  <system-out/>
</testsuite> <!-- testng.testngsiutebeforeaftercases -->
